#
# A fatal error has been detected by the Java Runtime Environment:
#
#  EXCEPTION_ACCESS_VIOLATION (0xc0000005) at pc=0x000000006da2e9f9, pid=4808, tid=1060
#
# JRE version: 6.0_17-b04
# Java VM: Java HotSpot(TM) 64-Bit Server VM (14.3-b01 mixed mode windows-amd64 )
# Problematic frame:
# V  [jvm.dll+0x23e9f9]
#
# If you would like to submit a bug report, please visit:
#   http://java.sun.com/webapps/bugreport/crash.jsp
#

---------------  T H R E A D  ---------------

Current thread (0x0000000031713800):  JavaThread "AWT-EventQueue-0" [_thread_in_vm, id=1060, stack(0x00000000323d0000,0x0000000032450000)]

siginfo: ExceptionCode=0xc0000005, reading address 0x0000000000000001

Registers:
EAX=0x0000000000000001, EBX=0x0000000001b20a00, ECX=0x0000000001bd7d90, EDX=0x000000001d00e200
ESP=0x000000003244f380, EBP=0x000000001d00e200, ESI=0x000000001d00e200, EDI=0x0000000001bd7d90
EIP=0x000000006da2e9f9, EFLAGS=0x0000000000010202

Top of Stack: (sp=0x000000003244f380)
0x000000003244f380:   000000007aa7fb88 0000000000000001
0x000000003244f390:   fffffffffffffffe 000000006da08418
0x000000003244f3a0:   00000000168b7ba0 000000006da2eb14
0x000000003244f3b0:   0000000001b20a00 000000003244f4e0
0x000000003244f3c0:   000000001d00e200 00000000318d2c68
0x000000003244f3d0:   00000000317139b8 000000006d9ef749
0x000000003244f3e0:   0000000015cb9180 000000003244f490
0x000000003244f3f0:   00000000318d2c68 0000000031713800
0x000000003244f400:   0000000031713800 0000000000000000
0x000000003244f410:   000000002326ba50 fffffffffffffffe
0x000000003244f420:   0000000000000000 000000007a9bf9d6
0x000000003244f430:   00000000317139b8 000000006dc1dd53
0x000000003244f440:   0000000015cb9180 000000003244f490
0x000000003244f450:   0000000000000000 00000000318d2c68
0x000000003244f460:   00000000231d6ec0 000000001148f391
0x000000003244f470:   000000003244f560 000000001c7e94a8 

Instructions: (pc=0x000000006da2e9f9)
0x000000006da2e9e9:   c1 89 8a 00 01 00 00 eb 11 48 8b 87 20 01 00 00
0x000000006da2e9f9:   48 8b 08 48 89 8f 20 01 00 00 4c 8b 64 24 20 48 


Stack: [0x00000000323d0000,0x0000000032450000],  sp=0x000000003244f380,  free space=508k
Native frames: (J=compiled Java code, j=interpreted, Vv=VM code, C=native code)
V  [jvm.dll+0x23e9f9]

Java frames: (J=compiled Java code, j=interpreted, Vv=VM code)
J  sun.awt.windows.WFramePeer.getState()I
J  javax.swing.RepaintManager.addDirtyRegion0(Ljava/awt/Container;IIII)V
J  com.sun.java.swing.plaf.windows.AnimationController.actionPerformed(Ljava/awt/event/ActionEvent;)V
J  javax.swing.Timer$DoPostEvent.run()V
J  java.awt.EventDispatchThread.pumpOneEventForFilters(I)Z
J  java.awt.EventDispatchThread.pumpEventsForFilter(ILjava/awt/Conditional;Ljava/awt/EventFilter;)V
j  java.awt.EventDispatchThread.pumpEventsForHierarchy(ILjava/awt/Conditional;Ljava/awt/Component;)V+11
j  java.awt.EventDispatchThread.pumpEvents(ILjava/awt/Conditional;)V+4
j  java.awt.EventDispatchThread.pumpEvents(Ljava/awt/Conditional;)V+3
j  java.awt.EventDispatchThread.run()V+9
v  ~StubRoutines::call_stub

---------------  P R O C E S S  ---------------

Java Threads: ( => current thread )
  0x0000000032586000 JavaThread "Code Analyzer updating thread" [_thread_blocked, id=4512, stack(0x00000000353f0000,0x0000000035470000)]
  0x0000000032583800 JavaThread "Code Analyzer updating thread" [_thread_blocked, id=5292, stack(0x0000000035370000,0x00000000353f0000)]
  0x0000000032584800 JavaThread "Code Analyzer updating thread" [_thread_blocked, id=2932, stack(0x00000000352f0000,0x0000000035370000)]
  0x0000000032581800 JavaThread "pool-2-thread-1" [_thread_blocked, id=3172, stack(0x0000000035be0000,0x0000000035c60000)]
  0x0000000032582800 JavaThread "RequestQueue for GenericFileList" [_thread_blocked, id=4724, stack(0x000000003c7c0000,0x000000003c840000)]
  0x000000003257e800 JavaThread "Active Reference Queue Daemon" daemon [_thread_blocked, id=3724, stack(0x0000000036b10000,0x0000000036b90000)]
  0x000000003257e000 JavaThread "Timer-7" daemon [_thread_blocked, id=3604, stack(0x0000000036a90000,0x0000000036b10000)]
  0x000000003257c800 JavaThread "Timer queue for AWT thread" daemon [_thread_blocked, id=1512, stack(0x0000000036a10000,0x0000000036a90000)]
  0x000000003257d000 JavaThread "Timer-6" daemon [_thread_blocked, id=4712, stack(0x0000000036990000,0x0000000036a10000)]
  0x000000003257b000 JavaThread "Prefs Updater" daemon [_thread_blocked, id=2180, stack(0x0000000036890000,0x0000000036910000)]
  0x0000000032579800 JavaThread "Timer-1" [_thread_blocked, id=4540, stack(0x0000000036790000,0x0000000036810000)]
  0x0000000032579000 JavaThread "FelixPackageAdmin" daemon [_thread_blocked, id=3696, stack(0x00000000336b0000,0x0000000033730000)]
  0x00000000327aa000 JavaThread "FelixStartLevel" daemon [_thread_blocked, id=2388, stack(0x0000000033630000,0x00000000336b0000)]
  0x0000000032557800 JavaThread "FelixDispatchQueue" daemon [_thread_blocked, id=4568, stack(0x0000000033570000,0x00000000335f0000)]
  0x00000000319fb800 JavaThread "TimerQueue" daemon [_thread_blocked, id=3096, stack(0x0000000033420000,0x00000000334a0000)]
=>0x0000000031713800 JavaThread "AWT-EventQueue-0" [_thread_in_vm, id=1060, stack(0x00000000323d0000,0x0000000032450000)]
  0x000000003184a800 JavaThread "AWT-Windows" daemon [_thread_in_native, id=3856, stack(0x0000000031c30000,0x0000000031cb0000)]
  0x0000000031849800 JavaThread "AWT-Shutdown" [_thread_blocked, id=4380, stack(0x0000000031bb0000,0x0000000031c30000)]
  0x0000000031849000 JavaThread "Java2D Disposer" daemon [_thread_blocked, id=2068, stack(0x0000000031b30000,0x0000000031bb0000)]
  0x000000003100e800 JavaThread "Timer-0" [_thread_blocked, id=4632, stack(0x00000000311f0000,0x0000000031270000)]
  0x0000000030f9b800 JavaThread "JMI Unnamed Thread" [_thread_in_native, id=4344, stack(0x000000000bf90000,0x000000000d390000)]
  0x000000000fe0c800 JavaThread "Low Memory Detector" daemon [_thread_blocked, id=5068, stack(0x000000002f970000,0x000000002f9f0000)]
  0x000000000fe07000 JavaThread "CompilerThread1" daemon [_thread_blocked, id=3860, stack(0x000000002e570000,0x000000002f970000)]
  0x000000000fdfb800 JavaThread "CompilerThread0" daemon [_thread_blocked, id=1464, stack(0x000000002d170000,0x000000002e570000)]
  0x000000000fdfa800 JavaThread "Attach Listener" daemon [_thread_blocked, id=2056, stack(0x000000002d0f0000,0x000000002d170000)]
  0x0000000001bd9000 JavaThread "Finalizer" daemon [_thread_blocked, id=2568, stack(0x000000002d070000,0x000000002d0f0000)]
  0x000000000fda5000 JavaThread "Reference Handler" daemon [_thread_blocked, id=4332, stack(0x0000000005a70000,0x0000000005af0000)]
  0x0000000001c6f000 JavaThread "main" [_thread_blocked, id=5112, stack(0x0000000000030000,0x0000000001430000)]

Other Threads:
  0x000000000fda1800 VMThread [stack: 0x000000002bc70000,0x000000002d070000] [id=584]
  0x000000000fe3a800 WatcherThread [stack: 0x000000002f9f0000,0x0000000030df0000] [id=4232]

VM state:not at safepoint (normal execution)

VM Mutex/Monitor currently owned by a thread:  ([mutex/lock_event])
[0x0000000001b20a00] JNIGlobalHandle_lock - owner thread: 0x0000000031713800

Heap
 PSYoungGen      total 14464K, used 4228K [0x0000000025250000, 0x0000000026250000, 0x0000000028350000)
  eden space 12480K, 24% used [0x0000000025250000,0x0000000025559698,0x0000000025e80000)
  from space 1984K, 56% used [0x0000000026060000,0x0000000026177c98,0x0000000026250000)
  to   space 1920K, 0% used [0x0000000025e80000,0x0000000025e80000,0x0000000026060000)
 PSOldGen        total 150528K, used 131211K [0x000000001bf50000, 0x0000000025250000, 0x0000000025250000)
  object space 150528K, 87% used [0x000000001bf50000,0x0000000023f72e60,0x0000000025250000)
 PSPermGen       total 113728K, used 73389K [0x0000000013f50000, 0x000000001ae60000, 0x000000001bf50000)
  object space 113728K, 64% used [0x0000000013f50000,0x00000000186fb5b0,0x000000001ae60000)

Dynamic libraries:
0x0000000140000000 - 0x0000000140029000 	C:\Program Files\MATLAB\R2010b\bin\win64\MATLAB.exe
0x00000000774b0000 - 0x000000007765b000 	C:\Windows\SYSTEM32\ntdll.dll
0x0000000077390000 - 0x00000000774af000 	C:\Windows\system32\kernel32.dll
0x000007fefd770000 - 0x000007fefd7db000 	C:\Windows\system32\KERNELBASE.dll
0x000000007d080000 - 0x000000007d18e000 	C:\Program Files\MATLAB\R2010b\bin\win64\libut.dll
0x0000000180000000 - 0x000000018007c000 	C:\Program Files\MATLAB\R2010b\bin\win64\libmwi18n.dll
0x0000000001470000 - 0x0000000001480000 	C:\Program Files\MATLAB\R2010b\bin\win64\boost_date_time-vc80-mt-1_40.dll
0x0000000073470000 - 0x0000000073579000 	C:\Windows\WinSxS\amd64_microsoft.vc80.crt_1fc8b3b9a1e18e3b_8.0.50727.4927_none_88dce9872fb18caf\MSVCP80.dll
0x0000000072aa0000 - 0x0000000072b69000 	C:\Windows\WinSxS\amd64_microsoft.vc80.crt_1fc8b3b9a1e18e3b_8.0.50727.4927_none_88dce9872fb18caf\MSVCR80.dll
0x000007feff1d0000 - 0x000007feff26f000 	C:\Windows\system32\msvcrt.dll
0x0000000001490000 - 0x00000000014ab000 	C:\Program Files\MATLAB\R2010b\bin\win64\boost_filesystem-vc80-mt-1_40.dll
0x0000000001630000 - 0x0000000001639000 	C:\Program Files\MATLAB\R2010b\bin\win64\boost_system-vc80-mt-1_40.dll
0x0000000001650000 - 0x0000000001663000 	C:\Program Files\MATLAB\R2010b\bin\win64\boost_thread-vc80-mt-1_40.dll
0x000000007d880000 - 0x000000007d8a8000 	C:\Program Files\MATLAB\R2010b\bin\win64\LIBEXPAT.dll
0x000000007cce0000 - 0x000000007ce59000 	C:\Program Files\MATLAB\R2010b\bin\win64\icuin42.dll
0x000000007d590000 - 0x000000007d6ca000 	C:\Program Files\MATLAB\R2010b\bin\win64\icuuc42.dll
0x000007fefdcc0000 - 0x000007fefdd9b000 	C:\Windows\system32\ADVAPI32.dll
0x000007fefeeb0000 - 0x000007fefeecf000 	C:\Windows\SYSTEM32\sechost.dll
0x000007fefda80000 - 0x000007fefdbae000 	C:\Windows\system32\RPCRT4.dll
0x0000000010000000 - 0x0000000010f47000 	C:\Program Files\MATLAB\R2010b\bin\win64\icudt42.dll
0x0000000078a10000 - 0x0000000078b49000 	C:\Program Files\MATLAB\R2010b\bin\win64\libmwfl.dll
0x000007feff550000 - 0x000007feff567000 	C:\Windows\system32\imagehlp.dll
0x0000000077680000 - 0x0000000077687000 	C:\Windows\system32\PSAPI.DLL
0x00000000016c0000 - 0x00000000017a6000 	C:\Program Files\MATLAB\R2010b\bin\win64\boost_regex-vc80-mt-1_40.dll
0x0000000077290000 - 0x000000007738a000 	C:\Windows\system32\USER32.dll
0x000007feff750000 - 0x000007feff7b7000 	C:\Windows\system32\GDI32.dll
0x000007feff050000 - 0x000007feff05e000 	C:\Windows\system32\LPK.dll
0x000007fefebd0000 - 0x000007fefec9a000 	C:\Windows\system32\USP10.dll
0x00000000017c0000 - 0x00000000017d4000 	C:\Program Files\MATLAB\R2010b\bin\win64\boost_signals-vc80-mt-1_40.dll
0x00000000017f0000 - 0x000000000182e000 	C:\Program Files\MATLAB\R2010b\bin\win64\tbb.dll
0x000000007cab0000 - 0x000000007cac0000 	C:\Program Files\MATLAB\R2010b\bin\win64\icuio42.dll
0x000000007d200000 - 0x000000007d460000 	C:\Program Files\MATLAB\R2010b\bin\win64\libmwservices.dll
0x000000007d190000 - 0x000000007d1fd000 	C:\Program Files\MATLAB\R2010b\bin\win64\libmx.dll
0x00000000791e0000 - 0x00000000791f7000 	C:\Program Files\MATLAB\R2010b\bin\win64\zlib1.dll
0x000000007d460000 - 0x000000007d58e000 	C:\Program Files\MATLAB\R2010b\bin\win64\libmwmathutil.dll
0x000000007acf0000 - 0x000000007ad51000 	C:\Program Files\MATLAB\R2010b\bin\win64\mpath.dll
0x000000007d8b0000 - 0x000000007db80000 	C:\Program Files\MATLAB\R2010b\bin\win64\mlutil.dll
0x000000007eb00000 - 0x000000007eb8b000 	C:\Program Files\MATLAB\R2010b\bin\win64\xmlcore.dll
0x000000007a670000 - 0x000000007a905000 	C:\Program Files\MATLAB\R2010b\bin\win64\xerces-c_2_7.dll
0x000007feff100000 - 0x000007feff14d000 	C:\Windows\system32\WS2_32.dll
0x000007fefd7e0000 - 0x000007fefd7e8000 	C:\Windows\system32\NSI.dll
0x000007fefde40000 - 0x000007fefebc6000 	C:\Windows\system32\SHELL32.dll
0x000007feff4d0000 - 0x000007feff541000 	C:\Windows\system32\SHLWAPI.dll
0x000007fefd690000 - 0x000007fefd730000 	C:\Windows\WinSxS\amd64_microsoft.windows.common-controls_6595b64144ccf1df_5.82.7600.16385_none_a44af8ec57f961cf\COMCTL32.dll
0x000007feff060000 - 0x000007feff0f8000 	C:\Windows\system32\comdlg32.dll
0x000007fefb020000 - 0x000007fefb036000 	C:\Windows\system32\NETAPI32.dll
0x000007fefb010000 - 0x000007fefb01c000 	C:\Windows\system32\netutils.dll
0x000007fefcf80000 - 0x000007fefcfa3000 	C:\Windows\system32\srvcli.dll
0x000007fefaff0000 - 0x000007fefb005000 	C:\Windows\system32\wkscli.dll
0x000000007b0c0000 - 0x000000007b17a000 	C:\Program Files\MATLAB\R2010b\bin\win64\mcr.dll
0x000000007cac0000 - 0x000000007cb74000 	C:\Program Files\MATLAB\R2010b\bin\win64\iqm.dll
0x000000007b860000 - 0x000000007bfdf000 	C:\Program Files\MATLAB\R2010b\bin\win64\m_interpreter.dll
0x000000007cba0000 - 0x000000007cbb0000 	C:\Program Files\MATLAB\R2010b\bin\win64\libmex.dll
0x000000007af40000 - 0x000000007afd6000 	C:\Program Files\MATLAB\R2010b\bin\win64\m_dispatcher.dll
0x000000007ade0000 - 0x000000007ae71000 	C:\Program Files\MATLAB\R2010b\bin\win64\profiler.dll
0x000000007cc20000 - 0x000000007cc51000 	C:\Program Files\MATLAB\R2010b\bin\win64\libmwmathrng.dll
0x0000000079130000 - 0x000000007914a000 	C:\Program Files\MATLAB\R2010b\bin\win64\m_pcodeio.dll
0x000000007aca0000 - 0x000000007aced000 	C:\Program Files\MATLAB\R2010b\bin\win64\m_ir.dll
0x000000007b240000 - 0x000000007b856000 	C:\Program Files\MATLAB\R2010b\bin\win64\m_parser.dll
0x000000007cb80000 - 0x000000007cb93000 	C:\Program Files\MATLAB\R2010b\bin\win64\ir_xfmr.dll
0x0000000078b50000 - 0x0000000078d89000 	C:\Program Files\MATLAB\R2010b\bin\win64\mcos.dll
0x000000007cc70000 - 0x000000007cc7c000 	C:\Program Files\MATLAB\R2010b\bin\win64\mtok.dll
0x0000000079110000 - 0x0000000079130000 	C:\Program Files\MATLAB\R2010b\bin\win64\m_pcodegen.dll
0x0000000078300000 - 0x0000000078356000 	C:\Program Files\MATLAB\R2010b\bin\win64\libmwspmatrix.dll
0x000007fef9150000 - 0x000007fef9275000 	C:\Windows\system32\dbghelp.dll
0x0000000078360000 - 0x000000007838c000 	C:\Program Files\MATLAB\R2010b\bin\win64\libmwbridge.dll
0x000000007c720000 - 0x000000007c7e0000 	C:\Program Files\MATLAB\R2010b\bin\win64\udd.dll
0x000000007d6d0000 - 0x000000007d82b000 	C:\Program Files\MATLAB\R2010b\bin\win64\libmwgui.dll
0x0000000079250000 - 0x0000000079ad7000 	C:\Program Files\MATLAB\R2010b\bin\win64\hg.dll
0x0000000079030000 - 0x0000000079087000 	C:\Program Files\MATLAB\R2010b\bin\win64\libmat.dll
0x000000007ce60000 - 0x000000007d07b000 	C:\Program Files\MATLAB\R2010b\bin\win64\libhdf5.dll
0x000000007aba0000 - 0x000000007ac24000 	C:\Program Files\MATLAB\R2010b\bin\win64\jmi.dll
0x000000007aae0000 - 0x000000007ab1f000 	C:\Program Files\MATLAB\R2010b\bin\win64\libmwhardcopy.dll
0x000000007ac30000 - 0x000000007ac98000 	C:\Program Files\MATLAB\R2010b\bin\win64\libuij.dll
0x0000000078800000 - 0x00000000789f4000 	C:\Program Files\MATLAB\R2010b\bin\win64\hgdatatypes.dll
0x0000000078740000 - 0x00000000787fa000 	C:\Program Files\MATLAB\R2010b\bin\win64\hgutils.dll
0x0000000079090000 - 0x000000007910c000 	C:\Program Files\MATLAB\R2010b\bin\win64\libmwlapack.dll
0x000000007cbc0000 - 0x000000007cbd3000 	C:\Program Files\MATLAB\R2010b\bin\win64\libmwbinder.dll
0x000000007c7e0000 - 0x000000007caa9000 	C:\Program Files\MATLAB\R2010b\bin\win64\uiw.dll
0x000000007ccd0000 - 0x000000007ccda000 	C:\Program Files\MATLAB\R2010b\bin\win64\uinone.dll
0x000000006b430000 - 0x000000006b5cc000 	C:\Windows\WinSxS\amd64_microsoft.vc80.mfc_1fc8b3b9a1e18e3b_8.0.50727.4053_none_8444db7d32915e4c\MFC80.DLL
0x000007fef9fe0000 - 0x000007fefa050000 	C:\Windows\system32\WINSPOOL.DRV
0x000007fefeca0000 - 0x000007fefeea1000 	C:\Windows\system32\ole32.dll
0x000007fefd7f0000 - 0x000007fefd8c7000 	C:\Windows\system32\OLEAUT32.dll
0x000000007b180000 - 0x000000007b231000 	C:\Program Files\MATLAB\R2010b\bin\win64\udd_mi.dll
0x0000000079150000 - 0x0000000079168000 	C:\Program Files\MATLAB\R2010b\bin\win64\mwoles05.DLL
0x000000007ad60000 - 0x000000007add3000 	C:\Program Files\MATLAB\R2010b\bin\win64\comcli.dll
0x000000006ce50000 - 0x000000006ce70000 	C:\Windows\WinSxS\amd64_microsoft.vc80.atl_1fc8b3b9a1e18e3b_8.0.50727.4053_none_8a1a02152edb659b\ATL80.DLL
0x000000007cc60000 - 0x000000007cc6e000 	C:\Program Files\MATLAB\R2010b\bin\win64\mlautoregister.dll
0x000007fefda50000 - 0x000007fefda7e000 	C:\Windows\system32\IMM32.DLL
0x000007fefdbb0000 - 0x000007fefdcb9000 	C:\Windows\system32\MSCTF.dll
0x000000006ce40000 - 0x000000006ce4d000 	C:\Windows\WinSxS\amd64_microsoft.vc80.mfcloc_1fc8b3b9a1e18e3b_8.0.50727.4053_none_bc1d1e5b0be08790\MFC80ENU.DLL
0x000007fefbb60000 - 0x000007fefbbb6000 	C:\Windows\system32\uxtheme.dll
0x000007fefd410000 - 0x000007fefd41f000 	C:\Windows\system32\profapi.dll
0x000007fefac90000 - 0x000007fefacb7000 	C:\Windows\system32\iphlpapi.dll
0x000007fefac80000 - 0x000007fefac8b000 	C:\Windows\system32\WINNSI.DLL
0x000007fefcb00000 - 0x000007fefcb5b000 	C:\Windows\system32\DNSAPI.dll
0x000007fefaa70000 - 0x000007fefaa81000 	C:\Windows\system32\dhcpcsvc6.DLL
0x000007fefaaf0000 - 0x000007fefab08000 	C:\Windows\system32\dhcpcsvc.DLL
0x000000006ce30000 - 0x000000006ce33000 	C:\Windows\system32\icmp.Dll
0x000007fefd340000 - 0x000007fefd34f000 	C:\Windows\system32\CRYPTBASE.dll
0x000007fefd730000 - 0x000007fefd766000 	C:\Windows\system32\CFGMGR32.dll
0x000000006d7f0000 - 0x000000006de4d000 	C:\Program Files\MATLAB\R2010b\sys\java\jre\win64\jre\bin\server\jvm.dll
0x000007fefa180000 - 0x000007fefa1bb000 	C:\Windows\system32\WINMM.dll
0x000007fefb780000 - 0x000007fefb798000 	C:\Windows\system32\dwmapi.dll
0x000000007af10000 - 0x000000007af1e000 	C:\Program Files\MATLAB\R2010b\sys\java\jre\win64\jre\bin\verify.dll
0x0000000079200000 - 0x0000000079227000 	C:\Program Files\MATLAB\R2010b\sys\java\jre\win64\jre\bin\java.dll
0x000000007aef0000 - 0x000000007aefa000 	C:\Program Files\MATLAB\R2010b\sys\java\jre\win64\jre\bin\hpi.dll
0x000000007af20000 - 0x000000007af32000 	C:\Program Files\MATLAB\R2010b\sys\java\jre\win64\jre\bin\zip.dll
0x000007fefdda0000 - 0x000007fefde39000 	C:\Windows\system32\CLBCatQ.DLL
0x0000000079170000 - 0x0000000079194000 	C:\Program Files\MATLAB\R2010b\bin\win64\nativejava.dll
0x000007fefa7e0000 - 0x000007fefa7f8000 	C:\Windows\system32\MPR.dll
0x00000000791a0000 - 0x00000000791da000 	C:\Program Files\MATLAB\R2010b\bin\win64\nativejmi.dll
0x000000007ccc0000 - 0x000000007ccc7000 	C:\Program Files\MATLAB\R2010b\bin\win64\nativeservices.dll
0x000000007a910000 - 0x000000007aad1000 	C:\Program Files\MATLAB\R2010b\sys\java\jre\win64\jre\bin\awt.dll
0x000000007afe0000 - 0x000000007b04b000 	C:\Program Files\MATLAB\R2010b\sys\java\jre\win64\jre\bin\fontmanager.dll
0x0000000079230000 - 0x0000000079247000 	C:\Program Files\MATLAB\R2010b\sys\java\jre\win64\jre\bin\net.dll
0x000007fefcc80000 - 0x000007fefccd4000 	C:\Windows\system32\mswsock.dll
0x000007fefcc70000 - 0x000007fefcc77000 	C:\Windows\System32\wship6.dll
0x000000007af00000 - 0x000000007af0b000 	C:\Program Files\MATLAB\R2010b\sys\java\jre\win64\jre\bin\nio.dll
0x00000000783b0000 - 0x00000000783ba000 	C:\Program Files\MATLAB\R2010b\bin\win64\nativelmgr.dll
0x000000007de20000 - 0x000000007de55000 	C:\Program Files\MATLAB\R2010b\sys\java\jre\win64\jre\bin\jpeg.dll
0x000007fefcce0000 - 0x000007fefccf7000 	C:\Windows\system32\CRYPTSP.dll
0x000007fefc9e0000 - 0x000007fefca27000 	C:\Windows\system32\rsaenh.dll
0x000007fefc750000 - 0x000007fefc76e000 	C:\Windows\system32\USERENV.dll
0x000007fefb570000 - 0x000007fefb585000 	C:\Windows\system32\NLAapi.dll
0x000007fefbd90000 - 0x000007fefbd9b000 	C:\Windows\System32\winrnr.dll
0x000007fef32b0000 - 0x000007fef32c5000 	C:\Windows\system32\napinsp.dll

VM Arguments:
jvm_args: -Xss512k -XX:PermSize=32m -Xms64m -XX:NewRatio=3 -XX:MaxPermSize=128m -Xmx196m -XX:MaxDirectMemorySize=2147400000 -Dsun.java2d.noddraw=true -Dsun.awt.nopixfmt=true -Xshare:off -Xrs -Dsun.awt.disableMixing=true -Djava.library.path=C:\Program Files\MATLAB\R2010b\bin\win64 vfprintf abort 
java_command: <unknown>
Launcher Type: generic

Environment Variables:
PATH=C:\Program Files (x86)\AMD APP\bin\x86_64;C:\Program Files (x86)\AMD APP\bin\x86;C:\Windows\system32;C:\Windows;C:\Windows\System32\Wbem;C:\Windows\System32\WindowsPowerShell\v1.0\;C:\Program Files (x86)\Altium Designer Summer 09\System;C:\Program Files (x86)\ATI Technologies\ATI.ACE\Core-Static;C:\Program Files (x86)\Microsoft SQL Server\100\Tools\Binn\;C:\Program Files\Microsoft SQL Server\100\Tools\Binn\;C:\Program Files\Microsoft SQL Server\100\DTS\Binn\;C:\cygwin\;C:\cygwin\bin;C:\Program Files\MATLAB\R2010b\runtime\win64;C:\Program Files\MATLAB\R2010b\bin;C:\Program Files (x86)\Autodesk\Backburner\;C:\Program Files\Common Files\Autodesk Shared\;C:\Program Files\TortoiseSVN\bin;C:\CooCox\CoIDE\gcc\bin;C:\Program Files (x86)\OpenVPN\bin;C:\Program Files (x86)\FreeArc\bin;C:\Program Files (x86)\arm-none-eabi-gcc-4_6\bin
USERNAME=SAM
OS=Windows_NT
PROCESSOR_IDENTIFIER=AMD64 Family 16 Model 4 Stepping 2, AuthenticAMD



---------------  S Y S T E M  ---------------

OS: Windows 7 Build 7600 

CPU:total 4 (4 cores per cpu, 1 threads per core) family 16 model 4 stepping 2, cmov, cx8, fxsr, mmx, sse, sse2, sse3, mmxext, 3dnow, 3dnowext, sse4a

Memory: 4k page, physical 4193592k(1963948k free), swap 8385288k(5658708k free)

vm_info: Java HotSpot(TM) 64-Bit Server VM (14.3-b01) for windows-amd64 JRE (1.6.0_17-b04), built on Oct 11 2009 00:46:08 by "java_re" with MS VC++ 8.0

time: Mon May 21 18:33:03 2012
elapsed time: 16335 seconds

