#
# A fatal error has been detected by the Java Runtime Environment:
#
#  EXCEPTION_ACCESS_VIOLATION (0xc0000005) at pc=0x000000007af285e1, pid=2100, tid=1868
#
# JRE version: 6.0_17-b04
# Java VM: Java HotSpot(TM) 64-Bit Server VM (14.3-b01 mixed mode windows-amd64 )
# Problematic frame:
# C  [zip.dll+0x85e1]
#
# If you would like to submit a bug report, please visit:
#   http://java.sun.com/webapps/bugreport/crash.jsp
# The crash happened outside the Java Virtual Machine in native code.
# See problematic frame for where to report the bug.
#

---------------  T H R E A D  ---------------

Current thread (0x0000000032d5e000):  JavaThread "Image Fetcher 2" daemon [_thread_in_native, id=1868, stack(0x000000003ba40000,0x000000003bac0000)]

siginfo: ExceptionCode=0xc0000005, reading address 0x0000000000000018

Registers:
EAX=0x0000000000000000, EBX=0x0000000000002000, ECX=0x00000000326967c0, EDX=0x0000000000000000
ESP=0x000000003babcca0, EBP=0x0000000032d5e1b8, ESI=0x00000000326967c0, EDI=0x0000000000000000
EIP=0x000000007af285e1, EFLAGS=0x0000000000010206

Top of Stack: (sp=0x000000003babcca0)
0x000000003babcca0:   0000000032d5e000 0000000000000000
0x000000003babccb0:   0000000000000000 000000006da332e1
0x000000003babccc0:   0000000000000000 0000000000000000
0x000000003babccd0:   00000000326967c0 0000000032d5e1b8
0x000000003babcce0:   0000000000002000 000000007af21f90
0x000000003babccf0:   0000000000000000 000007fefd891a4a
0x000000003babcd00:   0000000000000000 00000000000003ff
0x000000003babcd10:   0000000000002000 0000000000000000
0x000000003babcd20:   000000003babcd50 000000003babcf80
0x000000003babcd30:   0000000000002000 0000000000000000
0x000000003babcd40:   0000000000000000 0000000000000000
0x000000003babcd50:   0000000000000000 0000000000002000
0x000000003babcd60:   000000003babcf80 000000003babce00
0x000000003babcd70:   0000000000000000 0000000077672b29
0x000000003babcd80:   00000000000007aa 0000000000002594
0x000000003babcd90:   0000000001c212f0 000000003babce00 

Instructions: (pc=0x000000007af285e1)
0x000000007af285d1:   c4 58 5f 5b c3 cc cc 48 53 55 56 57 48 83 ec 28
0x000000007af285e1:   4c 8b 52 18 49 8b e9 49 8b f0 4d 85 d2 48 8b d9 


Stack: [0x000000003ba40000,0x000000003bac0000],  sp=0x000000003babcca0,  free space=499k
Native frames: (J=compiled Java code, j=interpreted, Vv=VM code, C=native code)
C  [zip.dll+0x85e1]

Java frames: (J=compiled Java code, j=interpreted, Vv=VM code)
j  java.util.zip.ZipFile.read(JJJ[BII)I+0
j  java.util.zip.ZipFile.access$1200(JJJ[BII)I+10
j  java.util.zip.ZipFile$ZipFileInputStream.read([BII)I+66
j  java.util.zip.ZipFile$1.fill()V+32
J  java.util.zip.InflaterInputStream.read([BII)I
j  java.io.FilterInputStream.read([BII)I+7
J  java.io.BufferedInputStream.read1([BII)I
j  java.io.BufferedInputStream.read([BII)I+49
j  sun.awt.image.PNGImageDecoder.fill()V+124
j  sun.awt.image.PNGImageDecoder.need(I)Z+16
j  sun.awt.image.PNGImageDecoder.getChunk()Z+88
j  sun.awt.image.PNGImageDecoder.getData()Z+8
j  sun.awt.image.PNGFilterInputStream.read([BII)I+14
j  java.util.zip.InflaterInputStream.fill()V+19
J  java.util.zip.InflaterInputStream.read([BII)I
J  java.io.BufferedInputStream.read1([BII)I
J  sun.awt.image.PNGImageDecoder.produceImage()V
j  sun.awt.image.InputStreamImageSource.doFetch()V+51
j  sun.awt.image.ImageFetcher.fetchloop()V+33
j  sun.awt.image.ImageFetcher.run()V+5
v  ~StubRoutines::call_stub

---------------  P R O C E S S  ---------------

Java Threads: ( => current thread )
  0x0000000032d5f800 JavaThread "Image Fetcher 1" daemon [_thread_blocked, id=3120, stack(0x0000000031d50000,0x0000000031dd0000)]
=>0x0000000032d5e000 JavaThread "Image Fetcher 2" daemon [_thread_in_native, id=1868, stack(0x000000003ba40000,0x000000003bac0000)]
  0x0000000032d5e800 JavaThread "Image Fetcher 3" daemon [_thread_blocked, id=3668, stack(0x000000003be60000,0x000000003bee0000)]
  0x0000000032d5d800 JavaThread "Image Fetcher 0" daemon [_thread_in_native, id=5072, stack(0x000000003b630000,0x000000003b6b0000)]
  0x0000000031d4b000 JavaThread "Timer queue for AWT thread" daemon [_thread_blocked, id=4312, stack(0x000000003b2f0000,0x000000003b370000)]
  0x0000000031d48800 JavaThread "AWT-EventQueue-0" [_thread_in_native, id=4872, stack(0x000000003b1f0000,0x000000003b270000)]
  0x0000000031d41800 JavaThread "Timer-MWTextView caret" [_thread_blocked, id=4532, stack(0x000000003add0000,0x000000003ae50000)]
  0x0000000031d43000 JavaThread "Foxtrot Single Worker Thread #1" daemon [_thread_blocked, id=3696, stack(0x000000003b090000,0x000000003b110000)]
  0x0000000031d44800 JavaThread "pool-2-thread-1" [_thread_blocked, id=4164, stack(0x000000003b6e0000,0x000000003b760000)]
  0x0000000031d43800 JavaThread "Active Reference Queue Daemon" daemon [_thread_blocked, id=2124, stack(0x000000003c0f0000,0x000000003c170000)]
  0x0000000031d46000 JavaThread "Timer-122" daemon [_thread_blocked, id=4072, stack(0x000000003c070000,0x000000003c0f0000)]
  0x0000000031d47000 JavaThread "Thread-116" [_thread_blocked, id=4548, stack(0x000000004eb20000,0x000000004eba0000)]
  0x0000000031d45000 JavaThread "RequestQueue for GenericFileList" [_thread_blocked, id=4636, stack(0x0000000035450000,0x00000000354d0000)]
  0x0000000031d42000 JavaThread "Timer-6" daemon [_thread_blocked, id=4632, stack(0x0000000034dd0000,0x0000000034e50000)]
  0x0000000031d40800 JavaThread "Prefs Updater" daemon [_thread_blocked, id=4040, stack(0x0000000034d50000,0x0000000034dd0000)]
  0x0000000031d3d000 JavaThread "Timer-1" [_thread_blocked, id=3928, stack(0x0000000034c50000,0x0000000034cd0000)]
  0x0000000031d3f800 JavaThread "FelixPackageAdmin" daemon [_thread_blocked, id=496, stack(0x00000000330f0000,0x0000000033170000)]
  0x0000000031d3e800 JavaThread "FelixStartLevel" daemon [_thread_blocked, id=4868, stack(0x0000000033070000,0x00000000330f0000)]
  0x0000000031d3e000 JavaThread "FelixDispatchQueue" daemon [_thread_blocked, id=4128, stack(0x0000000032ff0000,0x0000000033070000)]
  0x0000000031add800 JavaThread "TimerQueue" daemon [_thread_blocked, id=340, stack(0x0000000032da0000,0x0000000032e20000)]
  0x00000000319df800 JavaThread "AWT-Windows" daemon [_thread_in_native, id=4504, stack(0x000000000ee10000,0x000000000ee90000)]
  0x0000000031a1e800 JavaThread "AWT-Shutdown" [_thread_blocked, id=5016, stack(0x000000000ed90000,0x000000000ee10000)]
  0x0000000031a1e000 JavaThread "Java2D Disposer" daemon [_thread_blocked, id=3036, stack(0x000000000ed10000,0x000000000ed90000)]
  0x00000000313bc800 JavaThread "Timer-0" [_thread_blocked, id=4688, stack(0x0000000005f40000,0x0000000005fc0000)]
  0x0000000031290800 JavaThread "JMI Unnamed Thread" [_thread_in_native, id=3024, stack(0x000000000c510000,0x000000000d910000)]
  0x000000002c05d000 JavaThread "Low Memory Detector" daemon [_thread_blocked, id=2280, stack(0x0000000005ec0000,0x0000000005f40000)]
  0x000000002c055800 JavaThread "CompilerThread1" daemon [_thread_blocked, id=4656, stack(0x000000002e950000,0x000000002fd50000)]
  0x000000002c04a800 JavaThread "CompilerThread0" daemon [_thread_blocked, id=4192, stack(0x000000002d550000,0x000000002e950000)]
  0x000000002c049000 JavaThread "Attach Listener" daemon [_thread_blocked, id=3608, stack(0x0000000005a50000,0x0000000005ad0000)]
  0x0000000001bd9000 JavaThread "Finalizer" daemon [_thread_blocked, id=1056, stack(0x00000000059d0000,0x0000000005a50000)]
  0x000000002bff5000 JavaThread "Reference Handler" daemon [_thread_blocked, id=4880, stack(0x0000000005950000,0x00000000059d0000)]
  0x0000000001c2f000 JavaThread "main" [_thread_in_native, id=4672, stack(0x0000000000030000,0x0000000001430000)]

Other Threads:
  0x000000002bff1800 VMThread [stack: 0x000000002c150000,0x000000002d550000] [id=4152]
  0x000000002c079000 WatcherThread [stack: 0x000000002fd50000,0x0000000031150000] [id=4156]

VM state:not at safepoint (normal execution)

VM Mutex/Monitor currently owned by a thread: None

Heap
 PSYoungGen      total 46208K, used 16106K [0x0000000025250000, 0x0000000028350000, 0x0000000028350000)
  eden space 42240K, 28% used [0x0000000025250000,0x0000000025e2fa18,0x0000000027b90000)
  from space 3968K, 99% used [0x0000000027b90000,0x0000000027f6aeb0,0x0000000027f70000)
  to   space 3968K, 0% used [0x0000000027f70000,0x0000000027f70000,0x0000000028350000)
 PSOldGen        total 150528K, used 139618K [0x000000001bf50000, 0x0000000025250000, 0x0000000025250000)
  object space 150528K, 92% used [0x000000001bf50000,0x00000000247a88c8,0x0000000025250000)
 PSPermGen       total 113472K, used 73312K [0x0000000013f50000, 0x000000001ae20000, 0x000000001bf50000)
  object space 113472K, 64% used [0x0000000013f50000,0x00000000186e8340,0x000000001ae20000)

Dynamic libraries:
0x0000000140000000 - 0x0000000140029000 	C:\Program Files\MATLAB\R2010b\bin\win64\MATLAB.exe
0x0000000077880000 - 0x0000000077a2b000 	C:\Windows\SYSTEM32\ntdll.dll
0x0000000077660000 - 0x000000007777f000 	C:\Windows\system32\kernel32.dll
0x000007fefd890000 - 0x000007fefd8fb000 	C:\Windows\system32\KERNELBASE.dll
0x000000007d080000 - 0x000000007d18e000 	C:\Program Files\MATLAB\R2010b\bin\win64\libut.dll
0x0000000180000000 - 0x000000018007c000 	C:\Program Files\MATLAB\R2010b\bin\win64\libmwi18n.dll
0x00000000014e0000 - 0x00000000014f0000 	C:\Program Files\MATLAB\R2010b\bin\win64\boost_date_time-vc80-mt-1_40.dll
0x0000000073700000 - 0x0000000073809000 	C:\Windows\WinSxS\amd64_microsoft.vc80.crt_1fc8b3b9a1e18e3b_8.0.50727.4927_none_88dce9872fb18caf\MSVCP80.dll
0x0000000073470000 - 0x0000000073539000 	C:\Windows\WinSxS\amd64_microsoft.vc80.crt_1fc8b3b9a1e18e3b_8.0.50727.4927_none_88dce9872fb18caf\MSVCR80.dll
0x000007feff7a0000 - 0x000007feff83f000 	C:\Windows\system32\msvcrt.dll
0x0000000001500000 - 0x000000000151b000 	C:\Program Files\MATLAB\R2010b\bin\win64\boost_filesystem-vc80-mt-1_40.dll
0x0000000001530000 - 0x0000000001539000 	C:\Program Files\MATLAB\R2010b\bin\win64\boost_system-vc80-mt-1_40.dll
0x0000000001550000 - 0x0000000001563000 	C:\Program Files\MATLAB\R2010b\bin\win64\boost_thread-vc80-mt-1_40.dll
0x000000007d880000 - 0x000000007d8a8000 	C:\Program Files\MATLAB\R2010b\bin\win64\LIBEXPAT.dll
0x000000007cce0000 - 0x000000007ce59000 	C:\Program Files\MATLAB\R2010b\bin\win64\icuin42.dll
0x000000007d590000 - 0x000000007d6ca000 	C:\Program Files\MATLAB\R2010b\bin\win64\icuuc42.dll
0x000007feffab0000 - 0x000007feffb8b000 	C:\Windows\system32\ADVAPI32.dll
0x000007feff660000 - 0x000007feff67f000 	C:\Windows\SYSTEM32\sechost.dll
0x000007feff980000 - 0x000007feffaae000 	C:\Windows\system32\RPCRT4.dll
0x0000000010000000 - 0x0000000010f47000 	C:\Program Files\MATLAB\R2010b\bin\win64\icudt42.dll
0x0000000078a10000 - 0x0000000078b49000 	C:\Program Files\MATLAB\R2010b\bin\win64\libmwfl.dll
0x000007fefe280000 - 0x000007fefe297000 	C:\Windows\system32\imagehlp.dll
0x0000000077a50000 - 0x0000000077a57000 	C:\Windows\system32\PSAPI.DLL
0x0000000001740000 - 0x0000000001826000 	C:\Program Files\MATLAB\R2010b\bin\win64\boost_regex-vc80-mt-1_40.dll
0x0000000077780000 - 0x000000007787a000 	C:\Windows\system32\USER32.dll
0x000007feff910000 - 0x000007feff977000 	C:\Windows\system32\GDI32.dll
0x000007fefe8c0000 - 0x000007fefe8ce000 	C:\Windows\system32\LPK.dll
0x000007feff840000 - 0x000007feff90a000 	C:\Windows\system32\USP10.dll
0x00000000015d0000 - 0x00000000015e4000 	C:\Program Files\MATLAB\R2010b\bin\win64\boost_signals-vc80-mt-1_40.dll
0x0000000001600000 - 0x000000000163e000 	C:\Program Files\MATLAB\R2010b\bin\win64\tbb.dll
0x000000007cab0000 - 0x000000007cac0000 	C:\Program Files\MATLAB\R2010b\bin\win64\icuio42.dll
0x000000007d200000 - 0x000000007d460000 	C:\Program Files\MATLAB\R2010b\bin\win64\libmwservices.dll
0x000000007d190000 - 0x000000007d1fd000 	C:\Program Files\MATLAB\R2010b\bin\win64\libmx.dll
0x00000000791e0000 - 0x00000000791f7000 	C:\Program Files\MATLAB\R2010b\bin\win64\zlib1.dll
0x000000007d460000 - 0x000000007d58e000 	C:\Program Files\MATLAB\R2010b\bin\win64\libmwmathutil.dll
0x000000007acf0000 - 0x000000007ad51000 	C:\Program Files\MATLAB\R2010b\bin\win64\mpath.dll
0x000000007d8b0000 - 0x000000007db80000 	C:\Program Files\MATLAB\R2010b\bin\win64\mlutil.dll
0x000000007eb00000 - 0x000000007eb8b000 	C:\Program Files\MATLAB\R2010b\bin\win64\xmlcore.dll
0x000000007a670000 - 0x000000007a905000 	C:\Program Files\MATLAB\R2010b\bin\win64\xerces-c_2_7.dll
0x000007feff750000 - 0x000007feff79d000 	C:\Windows\system32\WS2_32.dll
0x000007fefe270000 - 0x000007fefe278000 	C:\Windows\system32\NSI.dll
0x000007fefe8d0000 - 0x000007feff656000 	C:\Windows\system32\SHELL32.dll
0x000007fefe150000 - 0x000007fefe1c1000 	C:\Windows\system32\SHLWAPI.dll
0x000007fefd900000 - 0x000007fefd9a0000 	C:\Windows\WinSxS\amd64_microsoft.windows.common-controls_6595b64144ccf1df_5.82.7600.16385_none_a44af8ec57f961cf\COMCTL32.dll
0x000007feff6b0000 - 0x000007feff748000 	C:\Windows\system32\comdlg32.dll
0x000007fefb3f0000 - 0x000007fefb406000 	C:\Windows\system32\NETAPI32.dll
0x000007fefb3e0000 - 0x000007fefb3ec000 	C:\Windows\system32\netutils.dll
0x000007fefd410000 - 0x000007fefd433000 	C:\Windows\system32\srvcli.dll
0x000007fefb3c0000 - 0x000007fefb3d5000 	C:\Windows\system32\wkscli.dll
0x000000007b0c0000 - 0x000000007b17a000 	C:\Program Files\MATLAB\R2010b\bin\win64\mcr.dll
0x000000007cac0000 - 0x000000007cb74000 	C:\Program Files\MATLAB\R2010b\bin\win64\iqm.dll
0x000000007b860000 - 0x000000007bfdf000 	C:\Program Files\MATLAB\R2010b\bin\win64\m_interpreter.dll
0x000000007cba0000 - 0x000000007cbb0000 	C:\Program Files\MATLAB\R2010b\bin\win64\libmex.dll
0x000000007af40000 - 0x000000007afd6000 	C:\Program Files\MATLAB\R2010b\bin\win64\m_dispatcher.dll
0x000000007ade0000 - 0x000000007ae71000 	C:\Program Files\MATLAB\R2010b\bin\win64\profiler.dll
0x000000007cc20000 - 0x000000007cc51000 	C:\Program Files\MATLAB\R2010b\bin\win64\libmwmathrng.dll
0x0000000079130000 - 0x000000007914a000 	C:\Program Files\MATLAB\R2010b\bin\win64\m_pcodeio.dll
0x000000007aca0000 - 0x000000007aced000 	C:\Program Files\MATLAB\R2010b\bin\win64\m_ir.dll
0x000000007b240000 - 0x000000007b856000 	C:\Program Files\MATLAB\R2010b\bin\win64\m_parser.dll
0x000000007cb80000 - 0x000000007cb93000 	C:\Program Files\MATLAB\R2010b\bin\win64\ir_xfmr.dll
0x0000000078b50000 - 0x0000000078d89000 	C:\Program Files\MATLAB\R2010b\bin\win64\mcos.dll
0x000000007cc70000 - 0x000000007cc7c000 	C:\Program Files\MATLAB\R2010b\bin\win64\mtok.dll
0x0000000079110000 - 0x0000000079130000 	C:\Program Files\MATLAB\R2010b\bin\win64\m_pcodegen.dll
0x0000000078300000 - 0x0000000078356000 	C:\Program Files\MATLAB\R2010b\bin\win64\libmwspmatrix.dll
0x000007fef9690000 - 0x000007fef97b5000 	C:\Windows\system32\dbghelp.dll
0x0000000078360000 - 0x000000007838c000 	C:\Program Files\MATLAB\R2010b\bin\win64\libmwbridge.dll
0x000000007c720000 - 0x000000007c7e0000 	C:\Program Files\MATLAB\R2010b\bin\win64\udd.dll
0x000000007d6d0000 - 0x000000007d82b000 	C:\Program Files\MATLAB\R2010b\bin\win64\libmwgui.dll
0x0000000079250000 - 0x0000000079ad7000 	C:\Program Files\MATLAB\R2010b\bin\win64\hg.dll
0x0000000079030000 - 0x0000000079087000 	C:\Program Files\MATLAB\R2010b\bin\win64\libmat.dll
0x000000007ce60000 - 0x000000007d07b000 	C:\Program Files\MATLAB\R2010b\bin\win64\libhdf5.dll
0x000000007aba0000 - 0x000000007ac24000 	C:\Program Files\MATLAB\R2010b\bin\win64\jmi.dll
0x000000007aae0000 - 0x000000007ab1f000 	C:\Program Files\MATLAB\R2010b\bin\win64\libmwhardcopy.dll
0x000000007ac30000 - 0x000000007ac98000 	C:\Program Files\MATLAB\R2010b\bin\win64\libuij.dll
0x0000000078800000 - 0x00000000789f4000 	C:\Program Files\MATLAB\R2010b\bin\win64\hgdatatypes.dll
0x0000000078740000 - 0x00000000787fa000 	C:\Program Files\MATLAB\R2010b\bin\win64\hgutils.dll
0x0000000079090000 - 0x000000007910c000 	C:\Program Files\MATLAB\R2010b\bin\win64\libmwlapack.dll
0x000000007cbc0000 - 0x000000007cbd3000 	C:\Program Files\MATLAB\R2010b\bin\win64\libmwbinder.dll
0x000000007c7e0000 - 0x000000007caa9000 	C:\Program Files\MATLAB\R2010b\bin\win64\uiw.dll
0x000000007ccd0000 - 0x000000007ccda000 	C:\Program Files\MATLAB\R2010b\bin\win64\uinone.dll
0x0000000060f80000 - 0x000000006111c000 	C:\Windows\WinSxS\amd64_microsoft.vc80.mfc_1fc8b3b9a1e18e3b_8.0.50727.4053_none_8444db7d32915e4c\MFC80.DLL
0x000007fefa430000 - 0x000007fefa4a0000 	C:\Windows\system32\WINSPOOL.DRV
0x000007fefe630000 - 0x000007fefe831000 	C:\Windows\system32\ole32.dll
0x000007fefdef0000 - 0x000007fefdfc7000 	C:\Windows\system32\OLEAUT32.dll
0x000000007b180000 - 0x000000007b231000 	C:\Program Files\MATLAB\R2010b\bin\win64\udd_mi.dll
0x0000000079150000 - 0x0000000079168000 	C:\Program Files\MATLAB\R2010b\bin\win64\mwoles05.DLL
0x000000007ad60000 - 0x000000007add3000 	C:\Program Files\MATLAB\R2010b\bin\win64\comcli.dll
0x00000000612a0000 - 0x00000000612c0000 	C:\Windows\WinSxS\amd64_microsoft.vc80.atl_1fc8b3b9a1e18e3b_8.0.50727.4053_none_8a1a02152edb659b\ATL80.DLL
0x000000007cc60000 - 0x000000007cc6e000 	C:\Program Files\MATLAB\R2010b\bin\win64\mlautoregister.dll
0x000007feff680000 - 0x000007feff6ae000 	C:\Windows\system32\IMM32.DLL
0x000007fefdde0000 - 0x000007fefdee9000 	C:\Windows\system32\MSCTF.dll
0x0000000063390000 - 0x000000006339d000 	C:\Windows\WinSxS\amd64_microsoft.vc80.mfcloc_1fc8b3b9a1e18e3b_8.0.50727.4053_none_bc1d1e5b0be08790\MFC80ENU.DLL
0x000007fefbf30000 - 0x000007fefbf86000 	C:\Windows\system32\uxtheme.dll
0x000007fefd7e0000 - 0x000007fefd7ef000 	C:\Windows\system32\profapi.dll
0x000007fefb060000 - 0x000007fefb087000 	C:\Windows\system32\iphlpapi.dll
0x000007fefb050000 - 0x000007fefb05b000 	C:\Windows\system32\WINNSI.DLL
0x000007fefced0000 - 0x000007fefcf2b000 	C:\Windows\system32\DNSAPI.dll
0x000007fefae40000 - 0x000007fefae51000 	C:\Windows\system32\dhcpcsvc6.DLL
0x000007fefaec0000 - 0x000007fefaed8000 	C:\Windows\system32\dhcpcsvc.DLL
0x0000000063380000 - 0x0000000063383000 	C:\Windows\system32\icmp.Dll
0x000007fefd710000 - 0x000007fefd71f000 	C:\Windows\system32\CRYPTBASE.dll
0x000007fefda00000 - 0x000007fefda36000 	C:\Windows\system32\CFGMGR32.dll
0x000000006d7f0000 - 0x000000006de4d000 	C:\Program Files\MATLAB\R2010b\sys\java\jre\win64\jre\bin\server\jvm.dll
0x000007fefaac0000 - 0x000007fefaafb000 	C:\Windows\system32\WINMM.dll
0x000007fefbb50000 - 0x000007fefbb68000 	C:\Windows\system32\dwmapi.dll
0x000000007af10000 - 0x000000007af1e000 	C:\Program Files\MATLAB\R2010b\sys\java\jre\win64\jre\bin\verify.dll
0x0000000079200000 - 0x0000000079227000 	C:\Program Files\MATLAB\R2010b\sys\java\jre\win64\jre\bin\java.dll
0x000000007aef0000 - 0x000000007aefa000 	C:\Program Files\MATLAB\R2010b\sys\java\jre\win64\jre\bin\hpi.dll
0x000000007af20000 - 0x000000007af32000 	C:\Program Files\MATLAB\R2010b\sys\java\jre\win64\jre\bin\zip.dll
0x0000000079170000 - 0x0000000079194000 	C:\Program Files\MATLAB\R2010b\bin\win64\nativejava.dll
0x000007fefab00000 - 0x000007fefab18000 	C:\Windows\system32\MPR.dll
0x00000000791a0000 - 0x00000000791da000 	C:\Program Files\MATLAB\R2010b\bin\win64\nativejmi.dll
0x000000007ccc0000 - 0x000000007ccc7000 	C:\Program Files\MATLAB\R2010b\bin\win64\nativeservices.dll
0x000000007a910000 - 0x000000007aad1000 	C:\Program Files\MATLAB\R2010b\sys\java\jre\win64\jre\bin\awt.dll
0x000000007afe0000 - 0x000000007b04b000 	C:\Program Files\MATLAB\R2010b\sys\java\jre\win64\jre\bin\fontmanager.dll
0x0000000079230000 - 0x0000000079247000 	C:\Program Files\MATLAB\R2010b\sys\java\jre\win64\jre\bin\net.dll
0x000007fefd050000 - 0x000007fefd0a4000 	C:\Windows\system32\mswsock.dll
0x000007fefd040000 - 0x000007fefd047000 	C:\Windows\System32\wship6.dll
0x000000007af00000 - 0x000000007af0b000 	C:\Program Files\MATLAB\R2010b\sys\java\jre\win64\jre\bin\nio.dll
0x00000000783b0000 - 0x00000000783ba000 	C:\Program Files\MATLAB\R2010b\bin\win64\nativelmgr.dll
0x000000007de20000 - 0x000000007de55000 	C:\Program Files\MATLAB\R2010b\sys\java\jre\win64\jre\bin\jpeg.dll
0x000007fefd0b0000 - 0x000007fefd0c7000 	C:\Windows\system32\CRYPTSP.dll
0x000007fefcdb0000 - 0x000007fefcdf7000 	C:\Windows\system32\rsaenh.dll
0x000007fefcb30000 - 0x000007fefcb4e000 	C:\Windows\system32\USERENV.dll
0x000007fefb6f0000 - 0x000007fefb705000 	C:\Windows\system32\NLAapi.dll
0x000007fefb320000 - 0x000007fefb32b000 	C:\Windows\System32\winrnr.dll
0x000007fefb300000 - 0x000007fefb315000 	C:\Windows\system32\napinsp.dll
0x000007fefb2e0000 - 0x000007fefb2f9000 	C:\Windows\system32\pnrpnsp.dll

VM Arguments:
jvm_args: -Xss512k -XX:PermSize=32m -Xms64m -XX:NewRatio=3 -XX:MaxPermSize=128m -Xmx196m -XX:MaxDirectMemorySize=2147400000 -Dsun.java2d.noddraw=true -Dsun.awt.nopixfmt=true -Xshare:off -Xrs -Dsun.awt.disableMixing=true -Djava.library.path=C:\Program Files\MATLAB\R2010b\bin\win64 vfprintf abort 
java_command: <unknown>
Launcher Type: generic

Environment Variables:
PATH=C:\Program Files (x86)\AMD APP\bin\x86_64;C:\Program Files (x86)\AMD APP\bin\x86;C:\Windows\system32;C:\Windows;C:\Windows\System32\Wbem;C:\Windows\System32\WindowsPowerShell\v1.0\;C:\Program Files (x86)\Altium Designer Summer 09\System;C:\Program Files (x86)\ATI Technologies\ATI.ACE\Core-Static;C:\Program Files (x86)\Microsoft SQL Server\100\Tools\Binn\;C:\Program Files\Microsoft SQL Server\100\Tools\Binn\;C:\Program Files\Microsoft SQL Server\100\DTS\Binn\;C:\cygwin\;C:\cygwin\bin;C:\Program Files\MATLAB\R2010b\runtime\win64;C:\Program Files\MATLAB\R2010b\bin;C:\Program Files (x86)\Autodesk\Backburner\;C:\Program Files\Common Files\Autodesk Shared\;C:\Program Files\TortoiseSVN\bin;C:\CooCox\CoIDE\gcc\bin;C:\Program Files (x86)\OpenVPN\bin;C:\Program Files (x86)\FreeArc\bin;C:\Program Files (x86)\arm-none-eabi-gcc-4_6\bin
USERNAME=SAM
OS=Windows_NT
PROCESSOR_IDENTIFIER=AMD64 Family 16 Model 4 Stepping 2, AuthenticAMD



---------------  S Y S T E M  ---------------

OS: Windows 7 Build 7600 

CPU:total 4 (4 cores per cpu, 1 threads per core) family 16 model 4 stepping 2, cmov, cx8, fxsr, mmx, sse, sse2, sse3, mmxext, 3dnow, 3dnowext, sse4a

Memory: 4k page, physical 4193592k(1263632k free), swap 8385288k(4345624k free)

vm_info: Java HotSpot(TM) 64-Bit Server VM (14.3-b01) for windows-amd64 JRE (1.6.0_17-b04), built on Oct 11 2009 00:46:08 by "java_re" with MS VC++ 8.0

time: Wed Jun 06 13:21:15 2012
elapsed time: 59722 seconds

